{"contracts/MobileNumberRegistry.sol":{"l":{"17":16,"18":16,"26":7,"27":3,"31":4,"32":2,"36":3,"40":10,"44":2,"45":2,"49":1,"50":1,"58":2,"64":2,"72":2,"74":2},"path":"/home/roangelo/stud/KU/AdvancedProjects/DApp/contracts/MobileNumberRegistry.sol","s":{"1":16,"2":16,"3":7,"4":4,"5":3,"6":10,"7":2,"8":2,"9":1,"10":1,"11":2,"12":2,"13":2,"14":2},"b":{"1":[3,4],"2":[2,2]},"f":{"1":16,"2":7,"3":4,"4":3,"5":10,"6":2,"7":1,"8":2,"9":2},"fnMap":{"1":{"name":"constructor","line":16,"loc":{"start":{"line":16,"column":4},"end":{"line":16,"column":22}}},"2":{"name":"onlyOwner","line":25,"loc":{"start":{"line":25,"column":4},"end":{"line":25,"column":22}}},"3":{"name":"onlyAdministrator","line":30,"loc":{"start":{"line":30,"column":4},"end":{"line":30,"column":30}}},"4":{"name":"getOwner","line":35,"loc":{"start":{"line":35,"column":4},"end":{"line":35,"column":50}}},"5":{"name":"isAdministrator","line":39,"loc":{"start":{"line":39,"column":4},"end":{"line":39,"column":67}}},"6":{"name":"addAdministrator","line":43,"loc":{"start":{"line":43,"column":4},"end":{"line":43,"column":59}}},"7":{"name":"deleteAdministrator","line":48,"loc":{"start":{"line":48,"column":4},"end":{"line":48,"column":62}}},"8":{"name":"addMobileNumber","line":53,"loc":{"start":{"line":53,"column":4},"end":{"line":56,"column":84}}},"9":{"name":"checkMobileNumber","line":69,"loc":{"start":{"line":69,"column":4},"end":{"line":70,"column":78}}}},"statementMap":{"1":{"start":{"line":17,"column":8},"end":{"line":17,"column":33}},"2":{"start":{"line":18,"column":8},"end":{"line":18,"column":40}},"3":{"start":{"line":26,"column":8},"end":{"line":26,"column":93}},"4":{"start":{"line":31,"column":8},"end":{"line":31,"column":90}},"5":{"start":{"line":36,"column":8},"end":{"line":36,"column":28}},"6":{"start":{"line":40,"column":8},"end":{"line":40,"column":36}},"7":{"start":{"line":44,"column":8},"end":{"line":44,"column":35}},"8":{"start":{"line":45,"column":8},"end":{"line":45,"column":64}},"9":{"start":{"line":49,"column":8},"end":{"line":49,"column":36}},"10":{"start":{"line":50,"column":8},"end":{"line":50,"column":69}},"11":{"start":{"line":58,"column":8},"end":{"line":58,"column":1815}},"12":{"start":{"line":64,"column":8},"end":{"line":64,"column":123}},"13":{"start":{"line":72,"column":8},"end":{"line":72,"column":64}},"14":{"start":{"line":74,"column":8},"end":{"line":74,"column":55}}},"branchMap":{"1":{"line":26,"type":"if","locations":[{"start":{"line":26,"column":8},"end":{"line":26,"column":8}},{"start":{"line":26,"column":8},"end":{"line":26,"column":8}}]},"2":{"line":31,"type":"if","locations":[{"start":{"line":31,"column":8},"end":{"line":31,"column":8}},{"start":{"line":31,"column":8},"end":{"line":31,"column":8}}]}}}}